<?xml version="1.0" encoding="UTF-8"?>
<!-- Generated by org.testng.reporters.JUnitReportReporter -->
<testsuite hostname="DESKTOP-015DLJU" failures="0" tests="1" name="httpMethods.Latest_GetRequest" time="4.783" errors="0" timestamp="2024-06-18T15:43:07 IST" skipped="0">
  <testcase classname="httpMethods.Latest_GetRequest" name="singleUserRequest" time="4.783"/>
  <system-out/>
</testsuite> <!-- httpMethods.Latest_GetRequest -->
