<?xml version="1.0" encoding="UTF-8"?>
<!-- Generated by org.testng.reporters.JUnitReportReporter -->
<testsuite hostname="DESKTOP-015DLJU" failures="0" tests="1" name="httpMethods.POSTRequest" time="7.787" errors="0" timestamp="2024-06-18T16:38:39 IST" skipped="0">
  <testcase classname="httpMethods.POSTRequest" name="postWithHashMap" time="7.787"/>
  <system-out/>
</testsuite> <!-- httpMethods.POSTRequest -->
